2021-10-20 13:06:01,395 [main] WARN  org.eclipse.jgit.util.FS - Cannot run program "git" (in directory "\usr\bin"): CreateProcess error=2, 지정된 파일을 찾을 수 없습니다
2021-10-20 13:06:14,718 [Worker-0: Loading available Gradle versions] INFO  o.e.b.c.i.u.g.PublishedGradleVersions - Gradle version information cache is out-of-date. Trying to update.
2021-10-20 13:15:37,932 [Worker-4: Match Job] ERROR o.e.m.i.l.MavenConsoleLineTracker - Launch configuration VMware tc Server Developer Edition v4.1 at file:/D:/ivh/spring-workspace/.metadata/.plugins/org.eclipse.debug.core/.launches/VMware%20tc%20Server%20Developer%20Edition%20v4.1.launch does not exist.
org.eclipse.debug.core.DebugException: Launch configuration VMware tc Server Developer Edition v4.1 at file:/D:/ivh/spring-workspace/.metadata/.plugins/org.eclipse.debug.core/.launches/VMware%20tc%20Server%20Developer%20Edition%20v4.1.launch does not exist.
	at org.eclipse.debug.internal.core.LaunchManager.createDebugException(LaunchManager.java:885)
	at org.eclipse.debug.internal.core.LaunchManager.getInfo(LaunchManager.java:1369)
	at org.eclipse.debug.internal.core.LaunchConfiguration.getInfo(LaunchConfiguration.java:488)
	at org.eclipse.debug.internal.core.LaunchConfiguration.getType(LaunchConfiguration.java:643)
	at org.eclipse.m2e.internal.launch.MavenConsoleLineTracker.isMavenProcess(MavenConsoleLineTracker.java:144)
	at org.eclipse.m2e.internal.launch.MavenConsoleLineTracker.lineAppended(MavenConsoleLineTracker.java:87)
	at org.eclipse.debug.internal.ui.views.console.ConsoleLineNotifier.lineAppended(ConsoleLineNotifier.java:123)
	at org.eclipse.debug.internal.ui.views.console.ConsoleLineNotifier.disconnect(ConsoleLineNotifier.java:71)
	at org.eclipse.ui.internal.console.ConsolePatternMatcher$CompiledPatternMatchListener.dispose(ConsolePatternMatcher.java:198)
	at org.eclipse.ui.internal.console.ConsolePatternMatcher.disconnect(ConsolePatternMatcher.java:260)
	at org.eclipse.ui.internal.console.ConsolePatternMatcher$MatchJob.run(ConsolePatternMatcher.java:164)
	at org.eclipse.core.internal.jobs.Worker.run(Worker.java:63)
2021-10-20 13:22:20,464 [Worker-8: Building workspace] INFO  o.e.m.c.i.l.LifecycleMappingFactory - Using org.maven.ide.eclipse.wtp.WarLifecycleMapping lifecycle mapping for MavenProject: com.ivh:spring:1.0.0-BUILD-SNAPSHOT @ D:\ivh\spring-workspace\servlet\pom.xml.
2021-10-20 13:22:23,484 [Worker-8: Building workspace] WARN  o.e.m.c.i.embedder.EclipseLogger - Using platform encoding (MS949 actually) to copy filtered resources, i.e. build is platform dependent!
2021-10-20 13:22:23,489 [Worker-8: Building workspace] INFO  o.e.m.c.i.embedder.EclipseLogger - Copying 1 resource
2021-10-20 13:22:23,497 [Worker-8: Building workspace] WARN  o.e.m.c.i.embedder.EclipseLogger - Using platform encoding (MS949 actually) to copy filtered resources, i.e. build is platform dependent!
2021-10-20 13:22:23,498 [Worker-8: Building workspace] INFO  o.e.m.c.i.embedder.EclipseLogger - Copying 1 resource
2021-10-20 13:22:24,622 [Worker-4: Updating Maven Dependencies] INFO  o.e.m.c.i.l.LifecycleMappingFactory - Using org.maven.ide.eclipse.wtp.WarLifecycleMapping lifecycle mapping for MavenProject: com.ivh:spring:1.0.0-BUILD-SNAPSHOT @ D:\ivh\spring-workspace\servlet\pom.xml.
2021-10-20 13:22:24,633 [Worker-8: Building] WARN  o.e.m.c.i.embedder.EclipseLogger - Using platform encoding (MS949 actually) to copy filtered resources, i.e. build is platform dependent!
2021-10-20 13:22:24,636 [Worker-8: Building] INFO  o.e.m.c.i.embedder.EclipseLogger - Copying 1 resource
2021-10-20 13:22:24,645 [Worker-8: Building] WARN  o.e.m.c.i.embedder.EclipseLogger - Using platform encoding (MS949 actually) to copy filtered resources, i.e. build is platform dependent!
2021-10-20 13:22:24,646 [Worker-8: Building] INFO  o.e.m.c.i.embedder.EclipseLogger - Copying 1 resource
2021-10-20 13:22:26,355 [Worker-12: Building] WARN  o.e.m.c.i.embedder.EclipseLogger - Using platform encoding (MS949 actually) to copy filtered resources, i.e. build is platform dependent!
2021-10-20 13:22:26,356 [Worker-12: Building] INFO  o.e.m.c.i.embedder.EclipseLogger - Copying 0 resource
2021-10-20 13:22:26,357 [Worker-12: Building] WARN  o.e.m.c.i.embedder.EclipseLogger - Using platform encoding (MS949 actually) to copy filtered resources, i.e. build is platform dependent!
2021-10-20 13:22:26,358 [Worker-12: Building] INFO  o.e.m.c.i.embedder.EclipseLogger - Copying 0 resource
2021-10-20 13:35:16,566 [main] WARN  org.eclipse.jgit.util.FS - Cannot run program "git" (in directory "\usr\bin"): CreateProcess error=2, 지정된 파일을 찾을 수 없습니다
2021-10-20 13:35:26,285 [Worker-0: Loading available Gradle versions] INFO  o.e.b.c.i.u.g.PublishedGradleVersions - Gradle version information cache is up-to-date. Trying to read.
